#
# There is insufficient memory for the Java Runtime Environment to continue.
# Native memory allocation (malloc) failed to allocate 1093776 bytes for Chunk::new
# Possible reasons:
#   The system is out of physical RAM or swap space
#   In 32 bit mode, the process size limit was hit
# Possible solutions:
#   Reduce memory load on the system
#   Increase physical memory or swap space
#   Check if swap backing store is full
#   Use 64 bit Java on a 64 bit OS
#   Decrease Java heap size (-Xmx/-Xms)
#   Decrease number of Java threads
#   Decrease Java thread stack sizes (-Xss)
#   Set larger code cache with -XX:ReservedCodeCacheSize=
# This output file may be truncated or incomplete.
#
#  Out of Memory Error (allocation.cpp:390), pid=5224, tid=1688
#
# JRE version: Java(TM) SE Runtime Environment (8.0_91-b15) (build 1.8.0_91-b15)
# Java VM: Java HotSpot(TM) 64-Bit Server VM (25.91-b15 mixed mode windows-amd64 compressed oops)
# Failed to write core dump. Minidumps are not enabled by default on client versions of Windows
#

---------------  T H R E A D  ---------------

Current thread (0x0000000054e72800):  JavaThread "C2 CompilerThread0" daemon [_thread_in_native, id=1688, stack(0x0000000055dd0000,0x0000000055ed0000)]

Stack: [0x0000000055dd0000,0x0000000055ed0000]
[error occurred during error reporting (printing stack bounds), id 0xc0000005]

Native frames: (J=compiled Java code, j=interpreted, Vv=VM code, C=native code)


Current CompileTask:
C2:  10033 1807       4       com.android.dx.dex.code.OutputFinisher::addConstants (93 bytes)


---------------  P R O C E S S  ---------------

Java Threads: ( => current thread )
  0x0000000056275800 JavaThread "pool-1-thread-1" [_thread_in_Java, id=3368, stack(0x0000000056840000,0x0000000056940000)]
  0x0000000054edb800 JavaThread "Service Thread" daemon [_thread_blocked, id=2740, stack(0x0000000056530000,0x0000000056630000)]
  0x0000000054ed2000 JavaThread "C1 CompilerThread1" daemon [_thread_blocked, id=5044, stack(0x0000000056030000,0x0000000056130000)]
=>0x0000000054e72800 JavaThread "C2 CompilerThread0" daemon [_thread_in_native, id=1688, stack(0x0000000055dd0000,0x0000000055ed0000)]
  0x0000000054e71000 JavaThread "Attach Listener" daemon [_thread_blocked, id=5900, stack(0x0000000055ed0000,0x0000000055fd0000)]
  0x0000000054e81800 JavaThread "Signal Dispatcher" daemon [_thread_blocked, id=4436, stack(0x0000000055c00000,0x0000000055d00000)]
  0x0000000054e5e800 JavaThread "Finalizer" daemon [_thread_blocked, id=3684, stack(0x0000000055ab0000,0x0000000055bb0000)]
  0x0000000054e15000 JavaThread "Reference Handler" daemon [_thread_blocked, id=1112, stack(0x00000000558d0000,0x00000000559d0000)]
  0x000000000026e000 JavaThread "main" [_thread_blocked, id=5148, stack(0x00000000023c0000,0x00000000024c0000)]

Other Threads:
  0x0000000054e0d000 VMThread [stack: 0x0000000055780000,0x0000000055880000] [id=6124]
  0x0000000056148800 WatcherThread [stack: 0x0000000056630000,0x0000000056730000] [id=6112]

VM state:not at safepoint (normal execution)

VM Mutex/Monitor currently owned by a thread: None

Heap:
 PSYoungGen      total 35328K, used 10479K [0x00000000eab00000, 0x00000000ef900000, 0x0000000100000000)
  eden space 32768K, 24% used [0x00000000eab00000,0x00000000eb2bdca8,0x00000000ecb00000)
  from space 2560K, 99% used [0x00000000ecb00000,0x00000000ecd7e068,0x00000000ecd80000)
  to   space 7168K, 0% used [0x00000000ef200000,0x00000000ef200000,0x00000000ef900000)
 ParOldGen       total 44032K, used 13733K [0x00000000c0000000, 0x00000000c2b00000, 0x00000000eab00000)
  object space 44032K, 31% used [0x00000000c0000000,0x00000000c0d694e8,0x00000000c2b00000)
 Metaspace       used 6165K, capacity 7152K, committed 7296K, reserved 1056768K
  class space    used 596K, capacity 616K, committed 640K, reserved 1048576K

Card table byte_map: [0x0000000011b50000,0x0000000011d60000] byte_map_base: 0x0000000011550000

Marking Bits: (ParMarkBitMap*) 0x0000000065f82f70
 Begin Bits: [0x00000000122e0000, 0x00000000132e0000)
 End Bits:   [0x00000000132e0000, 0x00000000142e0000)

Polling page: 0x0000000000230000

CodeCache: size=245760Kb used=8105Kb max_used=8105Kb free=237654Kb
 bounds [0x0000000002790000, 0x0000000002f90000, 0x0000000011790000]
 total_blobs=2081 nmethods=1819 adapters=176
 compilation: enabled

Compilation events (10 events):
Event: 10.024 Thread 0x0000000054ed2000 nmethod 1837 0x0000000002f7cb50 code [0x0000000002f7cd40, 0x0000000002f7d448]
Event: 10.025 Thread 0x0000000054ed2000 1838       2       com.android.dx.dex.file.TypeListItem::<init> (21 bytes)
Event: 10.025 Thread 0x0000000054ed2000 nmethod 1838 0x0000000002f7de50 code [0x0000000002f7dfc0, 0x0000000002f7e198]
Event: 10.026 Thread 0x0000000054ed2000 1839       2       com.android.dx.dex.file.ProtoIdItem::<init> (60 bytes)
Event: 10.026 Thread 0x0000000054ed2000 nmethod 1839 0x0000000002f7e250 code [0x0000000002f7e3e0, 0x0000000002f7e768]
Event: 10.027 Thread 0x0000000054ed2000 1840       2       com.android.dx.dex.file.MemberIdItem::addContents (26 bytes)
Event: 10.028 Thread 0x0000000054ed2000 nmethod 1840 0x0000000002f7e950 code [0x0000000002f7eae0, 0x0000000002f7ee08]
Event: 10.028 Thread 0x0000000054ed2000 1841       2       com.android.dx.dex.file.IdItem::addContents (15 bytes)
Event: 10.028 Thread 0x0000000054ed2000 nmethod 1841 0x0000000002f7f0d0 code [0x0000000002f7f240, 0x0000000002f7f3c8]
Event: 10.029 Thread 0x0000000054ed2000 1842       2       com.android.dx.dex.file.IdItem::<init> (24 bytes)

GC Heap History (10 events):
Event: 2.681 GC heap before
{Heap before GC invocations=1 (full 0):
 PSYoungGen      total 18944K, used 16384K [0x00000000eab00000, 0x00000000ec000000, 0x0000000100000000)
  eden space 16384K, 100% used [0x00000000eab00000,0x00000000ebb00000,0x00000000ebb00000)
  from space 2560K, 0% used [0x00000000ebd80000,0x00000000ebd80000,0x00000000ec000000)
  to   space 2560K, 0% used [0x00000000ebb00000,0x00000000ebb00000,0x00000000ebd80000)
 ParOldGen       total 44032K, used 0K [0x00000000c0000000, 0x00000000c2b00000, 0x00000000eab00000)
  object space 44032K, 0% used [0x00000000c0000000,0x00000000c0000000,0x00000000c2b00000)
 Metaspace       used 5668K, capacity 6768K, committed 7040K, reserved 1056768K
  class space    used 587K, capacity 616K, committed 640K, reserved 1048576K
Event: 2.691 GC heap after
Heap after GC invocations=1 (full 0):
 PSYoungGen      total 18944K, used 2547K [0x00000000eab00000, 0x00000000ec000000, 0x0000000100000000)
  eden space 16384K, 0% used [0x00000000eab00000,0x00000000eab00000,0x00000000ebb00000)
  from space 2560K, 99% used [0x00000000ebb00000,0x00000000ebd7ce58,0x00000000ebd80000)
  to   space 2560K, 0% used [0x00000000ebd80000,0x00000000ebd80000,0x00000000ec000000)
 ParOldGen       total 44032K, used 1997K [0x00000000c0000000, 0x00000000c2b00000, 0x00000000eab00000)
  object space 44032K, 4% used [0x00000000c0000000,0x00000000c01f35b0,0x00000000c2b00000)
 Metaspace       used 5668K, capacity 6768K, committed 7040K, reserved 1056768K
  class space    used 587K, capacity 616K, committed 640K, reserved 1048576K
}
Event: 3.425 GC heap before
{Heap before GC invocations=2 (full 0):
 PSYoungGen      total 18944K, used 18931K [0x00000000eab00000, 0x00000000ec000000, 0x0000000100000000)
  eden space 16384K, 100% used [0x00000000eab00000,0x00000000ebb00000,0x00000000ebb00000)
  from space 2560K, 99% used [0x00000000ebb00000,0x00000000ebd7ce58,0x00000000ebd80000)
  to   space 2560K, 0% used [0x00000000ebd80000,0x00000000ebd80000,0x00000000ec000000)
 ParOldGen       total 44032K, used 1997K [0x00000000c0000000, 0x00000000c2b00000, 0x00000000eab00000)
  object space 44032K, 4% used [0x00000000c0000000,0x00000000c01f35b0,0x00000000c2b00000)
 Metaspace       used 5928K, capacity 6960K, committed 7040K, reserved 1056768K
  class space    used 589K, capacity 616K, committed 640K, reserved 1048576K
Event: 3.473 GC heap after
Heap after GC invocations=2 (full 0):
 PSYoungGen      total 18944K, used 2536K [0x00000000eab00000, 0x00000000ed000000, 0x0000000100000000)
  eden space 16384K, 0% used [0x00000000eab00000,0x00000000eab00000,0x00000000ebb00000)
  from space 2560K, 99% used [0x00000000ebd80000,0x00000000ebffa058,0x00000000ec000000)
  to   space 2560K, 0% used [0x00000000ebb00000,0x00000000ebb00000,0x00000000ebd80000)
 ParOldGen       total 44032K, used 4622K [0x00000000c0000000, 0x00000000c2b00000, 0x00000000eab00000)
  object space 44032K, 10% used [0x00000000c0000000,0x00000000c0483808,0x00000000c2b00000)
 Metaspace       used 5928K, capacity 6960K, committed 7040K, reserved 1056768K
  class space    used 589K, capacity 616K, committed 640K, reserved 1048576K
}
Event: 4.560 GC heap before
{Heap before GC invocations=3 (full 0):
 PSYoungGen      total 18944K, used 18920K [0x00000000eab00000, 0x00000000ed000000, 0x0000000100000000)
  eden space 16384K, 100% used [0x00000000eab00000,0x00000000ebb00000,0x00000000ebb00000)
  from space 2560K, 99% used [0x00000000ebd80000,0x00000000ebffa058,0x00000000ec000000)
  to   space 2560K, 0% used [0x00000000ebb00000,0x00000000ebb00000,0x00000000ebd80000)
 ParOldGen       total 44032K, used 4622K [0x00000000c0000000, 0x00000000c2b00000, 0x00000000eab00000)
  object space 44032K, 10% used [0x00000000c0000000,0x00000000c0483808,0x00000000c2b00000)
 Metaspace       used 5965K, capacity 7024K, committed 7296K, reserved 1056768K
  class space    used 589K, capacity 616K, committed 640K, reserved 1048576K
Event: 4.579 GC heap after
Heap after GC invocations=3 (full 0):
 PSYoungGen      total 18944K, used 2545K [0x00000000eab00000, 0x00000000ed000000, 0x0000000100000000)
  eden space 16384K, 0% used [0x00000000eab00000,0x00000000eab00000,0x00000000ebb00000)
  from space 2560K, 99% used [0x00000000ebb00000,0x00000000ebd7c7b0,0x00000000ebd80000)
  to   space 2560K, 0% used [0x00000000ecd80000,0x00000000ecd80000,0x00000000ed000000)
 ParOldGen       total 44032K, used 7064K [0x00000000c0000000, 0x00000000c2b00000, 0x00000000eab00000)
  object space 44032K, 16% used [0x00000000c0000000,0x00000000c06e6300,0x00000000c2b00000)
 Metaspace       used 5965K, capacity 7024K, committed 7296K, reserved 1056768K
  class space    used 589K, capacity 616K, committed 640K, reserved 1048576K
}
Event: 5.625 GC heap before
{Heap before GC invocations=4 (full 0):
 PSYoungGen      total 18944K, used 18929K [0x00000000eab00000, 0x00000000ed000000, 0x0000000100000000)
  eden space 16384K, 100% used [0x00000000eab00000,0x00000000ebb00000,0x00000000ebb00000)
  from space 2560K, 99% used [0x00000000ebb00000,0x00000000ebd7c7b0,0x00000000ebd80000)
  to   space 2560K, 0% used [0x00000000ecd80000,0x00000000ecd80000,0x00000000ed000000)
 ParOldGen       total 44032K, used 7064K [0x00000000c0000000, 0x00000000c2b00000, 0x00000000eab00000)
  object space 44032K, 16% used [0x00000000c0000000,0x00000000c06e6300,0x00000000c2b00000)
 Metaspace       used 5982K, capacity 7024K, committed 7296K, reserved 1056768K
  class space    used 589K, capacity 616K, committed 640K, reserved 1048576K
Event: 5.650 GC heap after
Heap after GC invocations=4 (full 0):
 PSYoungGen      total 35328K, used 2545K [0x00000000eab00000, 0x00000000ed000000, 0x0000000100000000)
  eden space 32768K, 0% used [0x00000000eab00000,0x00000000eab00000,0x00000000ecb00000)
  from space 2560K, 99% used [0x00000000ecd80000,0x00000000ecffc7b0,0x00000000ed000000)
  to   space 2560K, 0% used [0x00000000ecb00000,0x00000000ecb00000,0x00000000ecd80000)
 ParOldGen       total 44032K, used 8955K [0x00000000c0000000, 0x00000000c2b00000, 0x00000000eab00000)
  object space 44032K, 20% used [0x00000000c0000000,0x00000000c08beff0,0x00000000c2b00000)
 Metaspace       used 5982K, capacity 7024K, committed 7296K, reserved 1056768K
  class space    used 589K, capacity 616K, committed 640K, reserved 1048576K
}
Event: 9.272 GC heap before
{Heap before GC invocations=5 (full 0):
 PSYoungGen      total 35328K, used 35313K [0x00000000eab00000, 0x00000000ed000000, 0x0000000100000000)
  eden space 32768K, 100% used [0x00000000eab00000,0x00000000ecb00000,0x00000000ecb00000)
  from space 2560K, 99% used [0x00000000ecd80000,0x00000000ecffc7b0,0x00000000ed000000)
  to   space 2560K, 0% used [0x00000000ecb00000,0x00000000ecb00000,0x00000000ecd80000)
 ParOldGen       total 44032K, used 8955K [0x00000000c0000000, 0x00000000c2b00000, 0x00000000eab00000)
  object space 44032K, 20% used [0x00000000c0000000,0x00000000c08beff0,0x00000000c2b00000)
 Metaspace       used 6076K, capacity 7088K, committed 7296K, reserved 1056768K
  class space    used 590K, capacity 616K, committed 640K, reserved 1048576K
Event: 9.600 GC heap after
Heap after GC invocations=5 (full 0):
 PSYoungGen      total 35328K, used 2552K [0x00000000eab00000, 0x00000000ef900000, 0x0000000100000000)
  eden space 32768K, 0% used [0x00000000eab00000,0x00000000eab00000,0x00000000ecb00000)
  from space 2560K, 99% used [0x00000000ecb00000,0x00000000ecd7e068,0x00000000ecd80000)
  to   space 7168K, 0% used [0x00000000ef200000,0x00000000ef200000,0x00000000ef900000)
 ParOldGen       total 44032K, used 13733K [0x00000000c0000000, 0x00000000c2b00000, 0x00000000eab00000)
  object space 44032K, 31% used [0x00000000c0000000,0x00000000c0d694e8,0x00000000c2b00000)
 Metaspace       used 6076K, capacity 7088K, committed 7296K, reserved 1056768K
  class space    used 590K, capacity 616K, committed 640K, reserved 1048576K
}

Deoptimization events (10 events):
Event: 8.221 Thread 0x000000005626e000 Uncommon trap: reason=bimorphic action=maybe_recompile pc=0x0000000002ea2764 method=com.android.dx.ssa.SCCP.setLatticeValueTo(IILcom/android/dx/rop/cst/Constant;)Z @ 43
Event: 8.223 Thread 0x000000005626e000 Uncommon trap: reason=bimorphic action=maybe_recompile pc=0x0000000002b35608 method=java.util.HashMap.getNode(ILjava/lang/Object;)Ljava/util/HashMap$Node; @ 126
Event: 8.223 Thread 0x000000005626e000 Uncommon trap: reason=class_check action=maybe_recompile pc=0x0000000002cda3c8 method=java.util.HashMap.putVal(ILjava/lang/Object;Ljava/lang/Object;ZZ)Ljava/lang/Object; @ 203
Event: 8.223 Thread 0x000000005626e000 Uncommon trap: reason=bimorphic action=maybe_recompile pc=0x0000000002b35608 method=java.util.HashMap.getNode(ILjava/lang/Object;)Ljava/util/HashMap$Node; @ 126
Event: 8.223 Thread 0x000000005626e000 Uncommon trap: reason=class_check action=maybe_recompile pc=0x0000000002cda3c8 method=java.util.HashMap.putVal(ILjava/lang/Object;Ljava/lang/Object;ZZ)Ljava/lang/Object; @ 203
Event: 8.223 Thread 0x000000005626e000 Uncommon trap: reason=bimorphic action=maybe_recompile pc=0x0000000002b35608 method=java.util.HashMap.getNode(ILjava/lang/Object;)Ljava/util/HashMap$Node; @ 126
Event: 8.223 Thread 0x000000005626e000 Uncommon trap: reason=bimorphic action=maybe_recompile pc=0x0000000002b35608 method=java.util.HashMap.getNode(ILjava/lang/Object;)Ljava/util/HashMap$Node; @ 126
Event: 8.223 Thread 0x000000005626e000 Uncommon trap: reason=class_check action=maybe_recompile pc=0x0000000002cd5e78 method=java.util.HashMap.putVal(ILjava/lang/Object;Ljava/lang/Object;ZZ)Ljava/lang/Object; @ 203
Event: 9.969 Thread 0x0000000056275800 Uncommon trap: reason=class_check action=maybe_recompile pc=0x0000000002cd5e78 method=java.util.HashMap.putVal(ILjava/lang/Object;Ljava/lang/Object;ZZ)Ljava/lang/Object; @ 203
Event: 9.974 Thread 0x0000000056275800 Uncommon trap: reason=class_check action=maybe_recompile pc=0x0000000002cda3c8 method=java.util.HashMap.putVal(ILjava/lang/Object;Ljava/lang/Object;ZZ)Ljava/lang/Object; @ 203

Internal exceptions (3 events):
Event: 0.117 Thread 0x000000000026e000 Exception <a 'java/lang/NoSuchMethodError': Method sun.misc.Unsafe.defineClass(Ljava/lang/String;[BII)Ljava/lang/Class; name or signature does not match> (0x00000000eab07cc0) thrown at [C:\re\workspace\8-2-build-windows-amd64-cygwin\jdk8u91\7017\hotspot\srøw/_é½?
Event: 0.117 Thread 0x000000000026e000 Exception <a 'java/lang/NoSuchMethodError': Method sun.misc.Unsafe.prefetchRead(Ljava/lang/Object;J)V name or signature does not match> (0x00000000eab07fa8) thrown at [C:\re\workspace\8-2-build-windows-amd64-cygwin\jdk8u91\7017\hotspot\src\share\vm\prims\j¸\Ê±Œq@
Event: 5.361 Thread 0x0000000056335800 Implicit null exception at 0x0000000002a6a019 to 0x0000000002a6b8a5

Events (10 events):
Event: 9.969 Thread 0x0000000056275800 DEOPT UNPACKING pc=0x00000000027d582a sp=0x000000005693ef58 mode 2
Event: 9.974 Thread 0x0000000056275800 Uncommon trap: trap_request=0xffffffde fr.pc=0x0000000002cda3c8
Event: 9.974 Thread 0x0000000056275800 DEOPT PACKING pc=0x0000000002cda3c8 sp=0x000000005693eeb0
Event: 9.974 Thread 0x0000000056275800 DEOPT UNPACKING pc=0x00000000027d582a sp=0x000000005693ee68 mode 2
Event: 9.987 loading class com/android/dx/dex/file/CatchStructs
Event: 9.987 loading class com/android/dx/dex/file/CatchStructs done
Event: 10.000 Thread 0x0000000056275800 DEOPT PACKING pc=0x0000000002c80d7a sp=0x000000005693f050
Event: 10.000 Thread 0x0000000056275800 DEOPT UNPACKING pc=0x00000000027d747f sp=0x000000005693ed80 mode 0
Event: 10.015 loading class com/android/dx/dex/file/ProtoIdItem
Event: 10.015 loading class com/android/dx/dex/file/ProtoIdItem done


Dynamic libraries:
0x000000013f3e0000 - 0x000000013f417000 	C:\Program Files\Java\jdk1.8.0_91\bin\java.exe
0x0000000077c60000 - 0x0000000077e0a000 	C:\Windows\SYSTEM32\ntdll.dll
0x0000000077b40000 - 0x0000000077c5f000 	C:\Windows\system32\kernel32.dll
0x000007fefdce0000 - 0x000007fefdd4a000 	C:\Windows\system32\KERNELBASE.dll
0x000007fefe670000 - 0x000007fefe74b000 	C:\Windows\system32\ADVAPI32.dll
0x000007feffbd0000 - 0x000007feffc6f000 	C:\Windows\system32\msvcrt.dll
0x000007fefe0a0000 - 0x000007fefe0bf000 	C:\Windows\SYSTEM32\sechost.dll
0x000007feff750000 - 0x000007feff87d000 	C:\Windows\system32\RPCRT4.dll
0x0000000077a40000 - 0x0000000077b3a000 	C:\Windows\system32\USER32.dll
0x000007fefe2a0000 - 0x000007fefe307000 	C:\Windows\system32\GDI32.dll
0x000007feff740000 - 0x000007feff74e000 	C:\Windows\system32\LPK.dll
0x000007feffb00000 - 0x000007feffbca000 	C:\Windows\system32\USP10.dll
0x000007fefc540000 - 0x000007fefc734000 	C:\Windows\WinSxS\amd64_microsoft.windows.common-controls_6595b64144ccf1df_6.0.7601.18837_none_fa3b1e3d17594757\COMCTL32.dll
0x000007fefdd50000 - 0x000007fefddc1000 	C:\Windows\system32\SHLWAPI.dll
0x000007fefe640000 - 0x000007fefe66e000 	C:\Windows\system32\IMM32.DLL
0x000007fefe830000 - 0x000007fefe939000 	C:\Windows\system32\MSCTF.dll
0x0000000074660000 - 0x0000000074732000 	C:\Program Files\Java\jdk1.8.0_91\jre\bin\msvcr100.dll
0x0000000065770000 - 0x0000000066003000 	C:\Program Files\Java\jdk1.8.0_91\jre\bin\server\jvm.dll
0x000007feea8d0000 - 0x000007feea8d9000 	C:\Windows\system32\WSOCK32.dll
0x000007feff880000 - 0x000007feff8cd000 	C:\Windows\system32\WS2_32.dll
0x000007fefe940000 - 0x000007fefe948000 	C:\Windows\system32\NSI.dll
0x000007fef3cc0000 - 0x000007fef3cfb000 	C:\Windows\system32\WINMM.dll
0x000007fefca60000 - 0x000007fefca6c000 	C:\Windows\system32\VERSION.dll
0x0000000077e20000 - 0x0000000077e27000 	C:\Windows\system32\PSAPI.DLL
0x00000000748a0000 - 0x00000000748af000 	C:\Program Files\Java\jdk1.8.0_91\jre\bin\verify.dll
0x0000000069900000 - 0x0000000069929000 	C:\Program Files\Java\jdk1.8.0_91\jre\bin\java.dll
0x00000000698e0000 - 0x00000000698f6000 	C:\Program Files\Java\jdk1.8.0_91\jre\bin\zip.dll
0x000007fefe9b0000 - 0x000007feff739000 	C:\Windows\system32\SHELL32.dll
0x000007fefe430000 - 0x000007fefe633000 	C:\Windows\system32\ole32.dll
0x000007fefd9a0000 - 0x000007fefd9af000 	C:\Windows\system32\profapi.dll

VM Arguments:
jvm_args: -Djava.awt.headless=true -Xmx1024M -Dfile.encoding=windows-1252 -Duser.country=US -Duser.language=en -Duser.variant 
java_command: com.android.dx.command.Main --dex --force-jumbo --num-threads=4 --multi-dex --output C:\Users\home\Desktop\Ariel\Programming\RealApps\MannDrops - mvvm\app\build\intermediates\transforms\dex\debug\folders\1000\10\com.android.support-support-fragment-25.0.0_12618522a0432797569d2caa80a5eef409b7e095 C:\Users\home\Desktop\Ariel\Programming\RealApps\MannDrops - mvvm\app\build\intermediates\exploded-aar\com.android.support\support-fragment\25.0.0\jars\classes.jar
java_class_path (initial): C:\Users\home\AppData\Local\Android\sdk1\build-tools\25.0.0\lib\dx.jar
Launcher Type: SUN_STANDARD

Environment Variables:
PATH=C:\ProgramData\Oracle\Java\javapath;C:\Program Files (x86)\iis express\PHP\v5.3;C:\Program Files (x86)\AMD APP\bin\x86_64;C:\Program Files (x86)\AMD APP\bin\x86;C:\Windows\system32;C:\Windows;C:\Windows\System32\Wbem;C:\Windows\System32\WindowsPowerShell\v1.0\;C:\Program Files (x86)\AMD\ATI.ACE\Core-Static;C:\Program Files (x86)\ATI Technologies\ATI.ACE\Core-Static;C:\Program Files (x86)\Skype\Phone\;C:\Program Files\Java\jdk1.7.0_79\bin\;C:\Program Files\TortoiseSVN\bin;C:\Program Files\Microsoft\Web Platform Installer\;C:\Program Files\Git\cmd
USERNAME=home
OS=Windows_NT
PROCESSOR_IDENTIFIER=Intel64 Family 6 Model 42 Stepping 7, GenuineIntel



---------------  S Y S T E M  ---------------

OS: Windows 7 , 64 bit Build 7601 (6.1.7601.23569)

CPU:total 2 (2 cores per cpu, 1 threads per core) family 6 model 42 stepping 7, cmov, cx8, fxsr, mmx, sse, sse2, sse3, ssse3, sse4.1, sse4.2, popcnt, clmul, tsc, tscinvbit

Memory: 4k page, physical 4169860k(114684k free), swap 5172092k(5612k free)

vm_info: Java HotSpot(TM) 64-Bit Server VM (25.91-b15) for windows-amd64 JRE (1.8.0_91-b15), built on May 20 2016 17:43:15 by "java_re" with MS VC++ 10.0 (VS2010)

time: Thu Dec 15 19:34:38 2016
elapsed time: 10 seconds (0d 0h 0m 10s)

