#
# There is insufficient memory for the Java Runtime Environment to continue.
# Native memory allocation (malloc) failed to allocate 1048576 bytes for AllocateHeap
# Possible reasons:
#   The system is out of physical RAM or swap space
#   In 32 bit mode, the process size limit was hit
# Possible solutions:
#   Reduce memory load on the system
#   Increase physical memory or swap space
#   Check if swap backing store is full
#   Use 64 bit Java on a 64 bit OS
#   Decrease Java heap size (-Xmx/-Xms)
#   Decrease number of Java threads
#   Decrease Java thread stack sizes (-Xss)
#   Set larger code cache with -XX:ReservedCodeCacheSize=
# This output file may be truncated or incomplete.
#
#  Out of Memory Error (memory/allocation.inline.hpp:61), pid=288, tid=3044
#
# JRE version:  (8.0_91-b15) (build )
# Java VM: Java HotSpot(TM) 64-Bit Server VM (25.91-b15 mixed mode windows-amd64 compressed oops)
# Failed to write core dump. Minidumps are not enabled by default on client versions of Windows
#

---------------  T H R E A D  ---------------

Current thread (0x000000000222e000):  JavaThread "Unknown thread" [_thread_in_vm, id=3044, stack(0x00000000023f0000,0x00000000024f0000)]

Stack: [0x00000000023f0000,0x00000000024f0000]
[error occurred during error reporting (printing stack bounds), id 0xc0000005]

Native frames: (J=compiled Java code, j=interpreted, Vv=VM code, C=native code)


---------------  P R O C E S S  ---------------

Java Threads: ( => current thread )

Other Threads:

=>0x000000000222e000 (exited) JavaThread "Unknown thread" [_thread_in_vm, id=3044, stack(0x00000000023f0000,0x00000000024f0000)]

VM state:not at safepoint (normal execution)

VM Mutex/Monitor currently owned by a thread: None

Heap:
 PSYoungGen      total 18944K, used 327K [0x00000000eab00000, 0x00000000ec000000, 0x0000000100000000)
  eden space 16384K, 2% used [0x00000000eab00000,0x00000000eab51ec8,0x00000000ebb00000)
  from space 2560K, 0% used [0x00000000ebd80000,0x00000000ebd80000,0x00000000ec000000)
  to   space 2560K, 0% used [0x00000000ebb00000,0x00000000ebb00000,0x00000000ebd80000)
 ParOldGen       total 44032K, used 0K [0x00000000c0000000, 0x00000000c2b00000, 0x00000000eab00000)
  object space 44032K, 0% used [0x00000000c0000000,0x00000000c0000000,0x00000000c2b00000)
 Metaspace       used 769K, capacity 4480K, committed 4480K, reserved 1056768K
  class space    used 75K, capacity 384K, committed 384K, reserved 1048576K

Card table byte_map: [0x0000000011b80000,0x0000000011d90000] byte_map_base: 0x0000000011580000

Marking Bits: (ParMarkBitMap*) 0x0000000065f82f70
 Begin Bits: [0x0000000012350000, 0x0000000013350000)
 End Bits:   [0x0000000013350000, 0x0000000014350000)

Polling page: 0x0000000000340000

CodeCache: size=245760Kb used=327Kb max_used=327Kb free=245432Kb
 bounds [0x00000000027c0000, 0x0000000002a30000, 0x00000000117c0000]
 total_blobs=57 nmethods=0 adapters=38
 compilation: enabled

Compilation events (0 events):
No events

GC Heap History (0 events):
No events

Deoptimization events (0 events):
No events

Internal exceptions (0 events):
No events

Events (10 events):
Event: 0.026 loading class java/lang/Short
Event: 0.026 loading class java/lang/Short done
Event: 0.026 loading class java/lang/Integer
Event: 0.026 loading class java/lang/Integer done
Event: 0.026 loading class java/lang/Long
Event: 0.026 loading class java/lang/Long done
Event: 0.027 loading class java/lang/NullPointerException
Event: 0.027 loading class java/lang/NullPointerException done
Event: 0.027 loading class java/lang/ArithmeticException
Event: 0.027 loading class java/lang/ArithmeticException done


Dynamic libraries:
0x000000013f3e0000 - 0x000000013f417000 	C:\Program Files\Java\jdk1.8.0_91\bin\java.exe
0x0000000077c60000 - 0x0000000077e0a000 	C:\Windows\SYSTEM32\ntdll.dll
0x0000000077b40000 - 0x0000000077c5f000 	C:\Windows\system32\kernel32.dll
0x000007fefdce0000 - 0x000007fefdd4a000 	C:\Windows\system32\KERNELBASE.dll
0x000007fefe670000 - 0x000007fefe74b000 	C:\Windows\system32\ADVAPI32.dll
0x000007feffbd0000 - 0x000007feffc6f000 	C:\Windows\system32\msvcrt.dll
0x000007fefe0a0000 - 0x000007fefe0bf000 	C:\Windows\SYSTEM32\sechost.dll
0x000007feff750000 - 0x000007feff87d000 	C:\Windows\system32\RPCRT4.dll
0x0000000077a40000 - 0x0000000077b3a000 	C:\Windows\system32\USER32.dll
0x000007fefe2a0000 - 0x000007fefe307000 	C:\Windows\system32\GDI32.dll
0x000007feff740000 - 0x000007feff74e000 	C:\Windows\system32\LPK.dll
0x000007feffb00000 - 0x000007feffbca000 	C:\Windows\system32\USP10.dll
0x000007fefc540000 - 0x000007fefc734000 	C:\Windows\WinSxS\amd64_microsoft.windows.common-controls_6595b64144ccf1df_6.0.7601.18837_none_fa3b1e3d17594757\COMCTL32.dll
0x000007fefdd50000 - 0x000007fefddc1000 	C:\Windows\system32\SHLWAPI.dll
0x000007fefe640000 - 0x000007fefe66e000 	C:\Windows\system32\IMM32.DLL
0x000007fefe830000 - 0x000007fefe939000 	C:\Windows\system32\MSCTF.dll
0x0000000074660000 - 0x0000000074732000 	C:\Program Files\Java\jdk1.8.0_91\jre\bin\msvcr100.dll
0x0000000065770000 - 0x0000000066003000 	C:\Program Files\Java\jdk1.8.0_91\jre\bin\server\jvm.dll
0x000007feea8d0000 - 0x000007feea8d9000 	C:\Windows\system32\WSOCK32.dll
0x000007feff880000 - 0x000007feff8cd000 	C:\Windows\system32\WS2_32.dll
0x000007fefe940000 - 0x000007fefe948000 	C:\Windows\system32\NSI.dll
0x000007fef3cc0000 - 0x000007fef3cfb000 	C:\Windows\system32\WINMM.dll
0x000007fefca60000 - 0x000007fefca6c000 	C:\Windows\system32\VERSION.dll
0x0000000077e20000 - 0x0000000077e27000 	C:\Windows\system32\PSAPI.DLL
0x00000000748a0000 - 0x00000000748af000 	C:\Program Files\Java\jdk1.8.0_91\jre\bin\verify.dll
0x0000000069900000 - 0x0000000069929000 	C:\Program Files\Java\jdk1.8.0_91\jre\bin\java.dll
0x00000000698e0000 - 0x00000000698f6000 	C:\Program Files\Java\jdk1.8.0_91\jre\bin\zip.dll

VM Arguments:
jvm_args: -Djava.awt.headless=true -Xmx1024M -Dfile.encoding=windows-1252 -Duser.country=US -Duser.language=en -Duser.variant 
java_command: com.android.dx.command.Main --dex --force-jumbo --num-threads=4 --multi-dex --output C:\Users\home\Desktop\Ariel\Programming\RealApps\MannDrops - mvvm\app\build\intermediates\transforms\dex\debug\folders\1000\5\slice_7 C:\Users\home\Desktop\Ariel\Programming\RealApps\MannDrops - mvvm\app\build\intermediates\transforms\instantRunSlicer\debug\folders\1\5\slice_7
java_class_path (initial): C:\Users\home\AppData\Local\Android\sdk1\build-tools\25.0.0\lib\dx.jar
Launcher Type: SUN_STANDARD

Environment Variables:
PATH=C:\ProgramData\Oracle\Java\javapath;C:\Program Files (x86)\iis express\PHP\v5.3;C:\Program Files (x86)\AMD APP\bin\x86_64;C:\Program Files (x86)\AMD APP\bin\x86;C:\Windows\system32;C:\Windows;C:\Windows\System32\Wbem;C:\Windows\System32\WindowsPowerShell\v1.0\;C:\Program Files (x86)\AMD\ATI.ACE\Core-Static;C:\Program Files (x86)\ATI Technologies\ATI.ACE\Core-Static;C:\Program Files (x86)\Skype\Phone\;C:\Program Files\Java\jdk1.7.0_79\bin\;C:\Program Files\TortoiseSVN\bin;C:\Program Files\Microsoft\Web Platform Installer\;C:\Program Files\Git\cmd
USERNAME=home
OS=Windows_NT
PROCESSOR_IDENTIFIER=Intel64 Family 6 Model 42 Stepping 7, GenuineIntel



---------------  S Y S T E M  ---------------

OS: Windows 7 , 64 bit Build 7601 (6.1.7601.23569)

CPU:total 2 (2 cores per cpu, 1 threads per core) family 6 model 42 stepping 7, cmov, cx8, fxsr, mmx, sse, sse2, sse3, ssse3, sse4.1, sse4.2, popcnt, clmul, tsc, tscinvbit

Memory: 4k page, physical 4169860k(191904k free), swap 5172092k(5480k free)

vm_info: Java HotSpot(TM) 64-Bit Server VM (25.91-b15) for windows-amd64 JRE (1.8.0_91-b15), built on May 20 2016 17:43:15 by "java_re" with MS VC++ 10.0 (VS2010)

time: Thu Dec 15 19:32:40 2016
elapsed time: 0 seconds (0d 0h 0m 0s)

