#
# There is insufficient memory for the Java Runtime Environment to continue.
# Native memory allocation (malloc) failed to allocate 1117296 bytes for Chunk::new
# Possible reasons:
#   The system is out of physical RAM or swap space
#   In 32 bit mode, the process size limit was hit
# Possible solutions:
#   Reduce memory load on the system
#   Increase physical memory or swap space
#   Check if swap backing store is full
#   Use 64 bit Java on a 64 bit OS
#   Decrease Java heap size (-Xmx/-Xms)
#   Decrease number of Java threads
#   Decrease Java thread stack sizes (-Xss)
#   Set larger code cache with -XX:ReservedCodeCacheSize=
# This output file may be truncated or incomplete.
#
#  Out of Memory Error (allocation.cpp:390), pid=3624, tid=3116
#
# JRE version: Java(TM) SE Runtime Environment (8.0_91-b15) (build 1.8.0_91-b15)
# Java VM: Java HotSpot(TM) 64-Bit Server VM (25.91-b15 mixed mode windows-amd64 compressed oops)
# Failed to write core dump. Minidumps are not enabled by default on client versions of Windows
#

---------------  T H R E A D  ---------------

Current thread (0x0000000054de6800):  JavaThread "C2 CompilerThread0" daemon [_thread_in_native, id=3116, stack(0x0000000055990000,0x0000000055a90000)]

Stack: [0x0000000055990000,0x0000000055a90000]
[error occurred during error reporting (printing stack bounds), id 0xc0000005]

Native frames: (J=compiled Java code, j=interpreted, Vv=VM code, C=native code)


Current CompileTask:
C2:  17493 1901       4       com.android.dx.dex.code.OutputFinisher::addConstants (93 bytes)


---------------  P R O C E S S  ---------------

Java Threads: ( => current thread )
  0x0000000056322000 JavaThread "pool-1-thread-1" [_thread_in_Java, id=3232, stack(0x0000000056920000,0x0000000056a20000)]
  0x0000000054e4d800 JavaThread "Service Thread" daemon [_thread_blocked, id=588, stack(0x00000000565c0000,0x00000000566c0000)]
  0x0000000054e47800 JavaThread "C1 CompilerThread1" daemon [_thread_blocked, id=5212, stack(0x0000000055fc0000,0x00000000560c0000)]
=>0x0000000054de6800 JavaThread "C2 CompilerThread0" daemon [_thread_in_native, id=3116, stack(0x0000000055990000,0x0000000055a90000)]
  0x0000000054de5800 JavaThread "Attach Listener" daemon [_thread_blocked, id=4896, stack(0x0000000055d40000,0x0000000055e40000)]
  0x0000000054df1800 JavaThread "Signal Dispatcher" daemon [_thread_blocked, id=5260, stack(0x0000000055b70000,0x0000000055c70000)]
  0x0000000054dce800 JavaThread "Finalizer" daemon [_thread_blocked, id=4184, stack(0x00000000556e0000,0x00000000557e0000)]
  0x0000000054d85000 JavaThread "Reference Handler" daemon [_thread_blocked, id=3832, stack(0x0000000055880000,0x0000000055980000)]
  0x000000000036e000 JavaThread "main" [_thread_blocked, id=2376, stack(0x0000000002390000,0x0000000002490000)]

Other Threads:
  0x0000000054d7d000 VMThread [stack: 0x00000000555e0000,0x00000000556e0000] [id=5448]
  0x00000000560da800 WatcherThread [stack: 0x0000000056730000,0x0000000056830000] [id=4824]

VM state:not at safepoint (normal execution)

VM Mutex/Monitor currently owned by a thread: None

Heap:
 PSYoungGen      total 35328K, used 34825K [0x00000000eab00000, 0x00000000ed000000, 0x0000000100000000)
  eden space 32768K, 98% used [0x00000000eab00000,0x00000000eca86580,0x00000000ecb00000)
  from space 2560K, 99% used [0x00000000ecb00000,0x00000000ecd7c038,0x00000000ecd80000)
  to   space 2560K, 0% used [0x00000000ecd80000,0x00000000ecd80000,0x00000000ed000000)
 ParOldGen       total 44032K, used 8772K [0x00000000c0000000, 0x00000000c2b00000, 0x00000000eab00000)
  object space 44032K, 19% used [0x00000000c0000000,0x00000000c0891150,0x00000000c2b00000)
 Metaspace       used 6199K, capacity 7152K, committed 7296K, reserved 1056768K
  class space    used 596K, capacity 616K, committed 640K, reserved 1048576K

Card table byte_map: [0x0000000011b20000,0x0000000011d30000] byte_map_base: 0x0000000011520000

Marking Bits: (ParMarkBitMap*) 0x0000000065f82f70
 Begin Bits: [0x0000000012250000, 0x0000000013250000)
 End Bits:   [0x0000000013250000, 0x0000000014250000)

Polling page: 0x0000000000330000

CodeCache: size=245760Kb used=8914Kb max_used=8914Kb free=236845Kb
 bounds [0x0000000002760000, 0x0000000003020000, 0x0000000011760000]
 total_blobs=2165 nmethods=1902 adapters=176
 compilation: enabled

Compilation events (10 events):
Event: 17.464 Thread 0x0000000054e47800 1906       3       com.android.dx.dex.file.CodeItem::addContents (174 bytes)
Event: 17.466 Thread 0x0000000054e47800 nmethod 1906 0x0000000003019e90 code [0x000000000301a1a0, 0x000000000301bae8]
Event: 17.466 Thread 0x0000000054e47800 1907       3       java.util.HashMap::keySet (27 bytes)
Event: 17.466 Thread 0x0000000054e47800 nmethod 1907 0x0000000003016210 code [0x00000000030163a0, 0x0000000003016750]
Event: 17.466 Thread 0x0000000054e47800 1908       3       java.util.HashMap$KeySet::iterator (12 bytes)
Event: 17.467 Thread 0x0000000054e47800 nmethod 1908 0x00000000030157d0 code [0x0000000003015940, 0x0000000003015ba8]
Event: 17.467 Thread 0x0000000054e47800 1909       3       java.util.HashMap$KeyIterator::<init> (11 bytes)
Event: 17.467 Thread 0x0000000054e47800 nmethod 1909 0x000000000300f050 code [0x000000000300f1c0, 0x000000000300f368]
Event: 17.468 Thread 0x0000000054e47800 1910       3       com.android.dx.dex.file.DebugInfoItem::<init> (36 bytes)
Event: 17.469 Thread 0x0000000054e47800 nmethod 1910 0x000000000300ead0 code [0x000000000300ec40, 0x000000000300ef38]

GC Heap History (6 events):
Event: 1.073 GC heap before
{Heap before GC invocations=1 (full 0):
 PSYoungGen      total 18944K, used 16384K [0x00000000eab00000, 0x00000000ec000000, 0x0000000100000000)
  eden space 16384K, 100% used [0x00000000eab00000,0x00000000ebb00000,0x00000000ebb00000)
  from space 2560K, 0% used [0x00000000ebd80000,0x00000000ebd80000,0x00000000ec000000)
  to   space 2560K, 0% used [0x00000000ebb00000,0x00000000ebb00000,0x00000000ebd80000)
 ParOldGen       total 44032K, used 0K [0x00000000c0000000, 0x00000000c2b00000, 0x00000000eab00000)
  object space 44032K, 0% used [0x00000000c0000000,0x00000000c0000000,0x00000000c2b00000)
 Metaspace       used 5585K, capacity 6704K, committed 6784K, reserved 1056768K
  class space    used 586K, capacity 616K, committed 640K, reserved 1048576K
Event: 1.085 GC heap after
Heap after GC invocations=1 (full 0):
 PSYoungGen      total 18944K, used 2538K [0x00000000eab00000, 0x00000000ed000000, 0x0000000100000000)
  eden space 16384K, 0% used [0x00000000eab00000,0x00000000eab00000,0x00000000ebb00000)
  from space 2560K, 99% used [0x00000000ebb00000,0x00000000ebd7aaa8,0x00000000ebd80000)
  to   space 2560K, 0% used [0x00000000ecd80000,0x00000000ecd80000,0x00000000ed000000)
 ParOldGen       total 44032K, used 1454K [0x00000000c0000000, 0x00000000c2b00000, 0x00000000eab00000)
  object space 44032K, 3% used [0x00000000c0000000,0x00000000c016b998,0x00000000c2b00000)
 Metaspace       used 5585K, capacity 6704K, committed 6784K, reserved 1056768K
  class space    used 586K, capacity 616K, committed 640K, reserved 1048576K
}
Event: 2.174 GC heap before
{Heap before GC invocations=2 (full 0):
 PSYoungGen      total 18944K, used 18922K [0x00000000eab00000, 0x00000000ed000000, 0x0000000100000000)
  eden space 16384K, 100% used [0x00000000eab00000,0x00000000ebb00000,0x00000000ebb00000)
  from space 2560K, 99% used [0x00000000ebb00000,0x00000000ebd7aaa8,0x00000000ebd80000)
  to   space 2560K, 0% used [0x00000000ecd80000,0x00000000ecd80000,0x00000000ed000000)
 ParOldGen       total 44032K, used 1454K [0x00000000c0000000, 0x00000000c2b00000, 0x00000000eab00000)
  object space 44032K, 3% used [0x00000000c0000000,0x00000000c016b998,0x00000000c2b00000)
 Metaspace       used 5851K, capacity 6896K, committed 7040K, reserved 1056768K
  class space    used 587K, capacity 616K, committed 640K, reserved 1048576K
Event: 2.199 GC heap after
Heap after GC invocations=2 (full 0):
 PSYoungGen      total 35328K, used 2528K [0x00000000eab00000, 0x00000000ed000000, 0x0000000100000000)
  eden space 32768K, 0% used [0x00000000eab00000,0x00000000eab00000,0x00000000ecb00000)
  from space 2560K, 98% used [0x00000000ecd80000,0x00000000ecff8018,0x00000000ed000000)
  to   space 2560K, 0% used [0x00000000ecb00000,0x00000000ecb00000,0x00000000ecd80000)
 ParOldGen       total 44032K, used 3587K [0x00000000c0000000, 0x00000000c2b00000, 0x00000000eab00000)
  object space 44032K, 8% used [0x00000000c0000000,0x00000000c0380ee0,0x00000000c2b00000)
 Metaspace       used 5851K, capacity 6896K, committed 7040K, reserved 1056768K
  class space    used 587K, capacity 616K, committed 640K, reserved 1048576K
}
Event: 8.233 GC heap before
{Heap before GC invocations=3 (full 0):
 PSYoungGen      total 35328K, used 35296K [0x00000000eab00000, 0x00000000ed000000, 0x0000000100000000)
  eden space 32768K, 100% used [0x00000000eab00000,0x00000000ecb00000,0x00000000ecb00000)
  from space 2560K, 98% used [0x00000000ecd80000,0x00000000ecff8018,0x00000000ed000000)
  to   space 2560K, 0% used [0x00000000ecb00000,0x00000000ecb00000,0x00000000ecd80000)
 ParOldGen       total 44032K, used 3587K [0x00000000c0000000, 0x00000000c2b00000, 0x00000000eab00000)
  object space 44032K, 8% used [0x00000000c0000000,0x00000000c0380ee0,0x00000000c2b00000)
 Metaspace       used 6040K, capacity 7088K, committed 7296K, reserved 1056768K
  class space    used 590K, capacity 616K, committed 640K, reserved 1048576K
Event: 8.256 GC heap after
Heap after GC invocations=3 (full 0):
 PSYoungGen      total 35328K, used 2544K [0x00000000eab00000, 0x00000000ed000000, 0x0000000100000000)
  eden space 32768K, 0% used [0x00000000eab00000,0x00000000eab00000,0x00000000ecb00000)
  from space 2560K, 99% used [0x00000000ecb00000,0x00000000ecd7c038,0x00000000ecd80000)
  to   space 2560K, 0% used [0x00000000ecd80000,0x00000000ecd80000,0x00000000ed000000)
 ParOldGen       total 44032K, used 8772K [0x00000000c0000000, 0x00000000c2b00000, 0x00000000eab00000)
  object space 44032K, 19% used [0x00000000c0000000,0x00000000c0891150,0x00000000c2b00000)
 Metaspace       used 6040K, capacity 7088K, committed 7296K, reserved 1056768K
  class space    used 590K, capacity 616K, committed 640K, reserved 1048576K
}

Deoptimization events (10 events):
Event: 16.984 Thread 0x0000000056322000 Uncommon trap: reason=bimorphic action=maybe_recompile pc=0x0000000002bd1658 method=java.util.HashMap.putVal(ILjava/lang/Object;Ljava/lang/Object;ZZ)Ljava/lang/Object; @ 91
Event: 16.984 Thread 0x0000000056322000 Uncommon trap: reason=bimorphic action=maybe_recompile pc=0x0000000002bd1658 method=java.util.HashMap.putVal(ILjava/lang/Object;Ljava/lang/Object;ZZ)Ljava/lang/Object; @ 91
Event: 16.985 Thread 0x0000000056322000 Uncommon trap: reason=bimorphic action=maybe_recompile pc=0x0000000002a3c994 method=java.util.HashMap.getNode(ILjava/lang/Object;)Ljava/util/HashMap$Node; @ 126
Event: 16.985 Thread 0x0000000056322000 Uncommon trap: reason=bimorphic action=maybe_recompile pc=0x0000000002a3c994 method=java.util.HashMap.getNode(ILjava/lang/Object;)Ljava/util/HashMap$Node; @ 126
Event: 16.985 Thread 0x0000000056322000 Uncommon trap: reason=bimorphic action=maybe_recompile pc=0x0000000002a3c994 method=java.util.HashMap.getNode(ILjava/lang/Object;)Ljava/util/HashMap$Node; @ 126
Event: 16.990 Thread 0x0000000056322000 Uncommon trap: reason=bimorphic action=maybe_recompile pc=0x0000000002a3c994 method=java.util.HashMap.getNode(ILjava/lang/Object;)Ljava/util/HashMap$Node; @ 126
Event: 16.990 Thread 0x0000000056322000 Uncommon trap: reason=class_check action=maybe_recompile pc=0x0000000002e62af0 method=java.util.HashMap.putVal(ILjava/lang/Object;Ljava/lang/Object;ZZ)Ljava/lang/Object; @ 203
Event: 16.991 Thread 0x0000000056322000 Uncommon trap: reason=bimorphic action=maybe_recompile pc=0x0000000002a56d20 method=java.util.HashMap.getNode(ILjava/lang/Object;)Ljava/util/HashMap$Node; @ 126
Event: 17.015 Thread 0x0000000056322000 Uncommon trap: reason=bimorphic action=maybe_recompile pc=0x0000000003010660 method=java.util.HashMap.putVal(ILjava/lang/Object;Ljava/lang/Object;ZZ)Ljava/lang/Object; @ 203
Event: 17.015 Thread 0x0000000056322000 Uncommon trap: reason=bimorphic action=maybe_recompile pc=0x0000000003010660 method=java.util.HashMap.putVal(ILjava/lang/Object;Ljava/lang/Object;ZZ)Ljava/lang/Object; @ 203

Internal exceptions (5 events):
Event: 0.047 Thread 0x000000000036e000 Exception <a 'java/lang/NoSuchMethodError': Method sun.misc.Unsafe.defineClass(Ljava/lang/String;[BII)Ljava/lang/Class; name or signature does not match> (0x00000000eab07cc0) thrown at [C:\re\workspace\8-2-build-windows-amd64-cygwin\jdk8u91\7017\hotspot\sr\ÂO¤=ï§?
Event: 0.047 Thread 0x000000000036e000 Exception <a 'java/lang/NoSuchMethodError': Method sun.misc.Unsafe.prefetchRead(Ljava/lang/Object;J)V name or signature does not match> (0x00000000eab07fa8) thrown at [C:\re\workspace\8-2-build-windows-amd64-cygwin\jdk8u91\7017\hotspot\src\share\vm\prims\jŸÂ šEm@
Event: 4.357 Thread 0x0000000056325800 Implicit null exception at 0x0000000002c2ad23 to 0x0000000002c2c4d9
Event: 7.307 Thread 0x0000000056314000 Implicit null exception at 0x0000000002cbfc73 to 0x0000000002cc0fd9
Event: 12.312 Thread 0x0000000056325800 Implicit null exception at 0x0000000002a58bd2 to 0x0000000002a58cc2

Events (10 events):
Event: 16.991 Thread 0x0000000056322000 DEOPT PACKING pc=0x0000000002a56d20 sp=0x0000000056a1eff0
Event: 16.991 Thread 0x0000000056322000 DEOPT UNPACKING pc=0x00000000027a582a sp=0x0000000056a1ef88 mode 2
Event: 17.015 Thread 0x0000000056322000 Uncommon trap: trap_request=0xffffffc6 fr.pc=0x0000000003010660
Event: 17.015 Thread 0x0000000056322000 DEOPT PACKING pc=0x0000000003010660 sp=0x0000000056a1efd0
Event: 17.015 Thread 0x0000000056322000 DEOPT UNPACKING pc=0x00000000027a582a sp=0x0000000056a1eef0 mode 2
Event: 17.015 Thread 0x0000000056322000 Uncommon trap: trap_request=0xffffffc6 fr.pc=0x0000000003010660
Event: 17.015 Thread 0x0000000056322000 DEOPT PACKING pc=0x0000000003010660 sp=0x0000000056a1efd0
Event: 17.015 Thread 0x0000000056322000 DEOPT UNPACKING pc=0x00000000027a582a sp=0x0000000056a1eef0 mode 2
Event: 17.026 loading class com/android/dx/dex/file/CatchStructs
Event: 17.026 loading class com/android/dx/dex/file/CatchStructs done


Dynamic libraries:
0x000000013f3e0000 - 0x000000013f417000 	C:\Program Files\Java\jdk1.8.0_91\bin\java.exe
0x0000000077c60000 - 0x0000000077e0a000 	C:\Windows\SYSTEM32\ntdll.dll
0x0000000077b40000 - 0x0000000077c5f000 	C:\Windows\system32\kernel32.dll
0x000007fefdce0000 - 0x000007fefdd4a000 	C:\Windows\system32\KERNELBASE.dll
0x000007fefe670000 - 0x000007fefe74b000 	C:\Windows\system32\ADVAPI32.dll
0x000007feffbd0000 - 0x000007feffc6f000 	C:\Windows\system32\msvcrt.dll
0x000007fefe0a0000 - 0x000007fefe0bf000 	C:\Windows\SYSTEM32\sechost.dll
0x000007feff750000 - 0x000007feff87d000 	C:\Windows\system32\RPCRT4.dll
0x0000000077a40000 - 0x0000000077b3a000 	C:\Windows\system32\USER32.dll
0x000007fefe2a0000 - 0x000007fefe307000 	C:\Windows\system32\GDI32.dll
0x000007feff740000 - 0x000007feff74e000 	C:\Windows\system32\LPK.dll
0x000007feffb00000 - 0x000007feffbca000 	C:\Windows\system32\USP10.dll
0x000007fefc540000 - 0x000007fefc734000 	C:\Windows\WinSxS\amd64_microsoft.windows.common-controls_6595b64144ccf1df_6.0.7601.18837_none_fa3b1e3d17594757\COMCTL32.dll
0x000007fefdd50000 - 0x000007fefddc1000 	C:\Windows\system32\SHLWAPI.dll
0x000007fefe640000 - 0x000007fefe66e000 	C:\Windows\system32\IMM32.DLL
0x000007fefe830000 - 0x000007fefe939000 	C:\Windows\system32\MSCTF.dll
0x0000000074660000 - 0x0000000074732000 	C:\Program Files\Java\jdk1.8.0_91\jre\bin\msvcr100.dll
0x0000000065770000 - 0x0000000066003000 	C:\Program Files\Java\jdk1.8.0_91\jre\bin\server\jvm.dll
0x000007feea8d0000 - 0x000007feea8d9000 	C:\Windows\system32\WSOCK32.dll
0x000007feff880000 - 0x000007feff8cd000 	C:\Windows\system32\WS2_32.dll
0x000007fefe940000 - 0x000007fefe948000 	C:\Windows\system32\NSI.dll
0x000007fef3cc0000 - 0x000007fef3cfb000 	C:\Windows\system32\WINMM.dll
0x000007fefca60000 - 0x000007fefca6c000 	C:\Windows\system32\VERSION.dll
0x0000000077e20000 - 0x0000000077e27000 	C:\Windows\system32\PSAPI.DLL
0x00000000748a0000 - 0x00000000748af000 	C:\Program Files\Java\jdk1.8.0_91\jre\bin\verify.dll
0x0000000069900000 - 0x0000000069929000 	C:\Program Files\Java\jdk1.8.0_91\jre\bin\java.dll
0x00000000698e0000 - 0x00000000698f6000 	C:\Program Files\Java\jdk1.8.0_91\jre\bin\zip.dll
0x000007fefe9b0000 - 0x000007feff739000 	C:\Windows\system32\SHELL32.dll
0x000007fefe430000 - 0x000007fefe633000 	C:\Windows\system32\ole32.dll
0x000007fefd9a0000 - 0x000007fefd9af000 	C:\Windows\system32\profapi.dll

VM Arguments:
jvm_args: -Djava.awt.headless=true -Xmx1024M -Dfile.encoding=windows-1252 -Duser.country=US -Duser.language=en -Duser.variant 
java_command: com.android.dx.command.Main --dex --force-jumbo --num-threads=4 --multi-dex --output C:\Users\home\Desktop\Ariel\Programming\RealApps\MannDrops - mvvm\app\build\intermediates\transforms\dex\debug\folders\1000\10\com.android.support-support-media-compat-25.0.0_070af9beb2540350f4dafc9ce2116117909aff47 C:\Users\home\Desktop\Ariel\Programming\RealApps\MannDrops - mvvm\app\build\intermediates\exploded-aar\com.android.support\support-media-compat\25.0.0\jars\classes.jar
java_class_path (initial): C:\Users\home\AppData\Local\Android\sdk1\build-tools\25.0.0\lib\dx.jar
Launcher Type: SUN_STANDARD

Environment Variables:
PATH=C:\ProgramData\Oracle\Java\javapath;C:\Program Files (x86)\iis express\PHP\v5.3;C:\Program Files (x86)\AMD APP\bin\x86_64;C:\Program Files (x86)\AMD APP\bin\x86;C:\Windows\system32;C:\Windows;C:\Windows\System32\Wbem;C:\Windows\System32\WindowsPowerShell\v1.0\;C:\Program Files (x86)\AMD\ATI.ACE\Core-Static;C:\Program Files (x86)\ATI Technologies\ATI.ACE\Core-Static;C:\Program Files (x86)\Skype\Phone\;C:\Program Files\Java\jdk1.7.0_79\bin\;C:\Program Files\TortoiseSVN\bin;C:\Program Files\Microsoft\Web Platform Installer\;C:\Program Files\Git\cmd
USERNAME=home
OS=Windows_NT
PROCESSOR_IDENTIFIER=Intel64 Family 6 Model 42 Stepping 7, GenuineIntel



---------------  S Y S T E M  ---------------

OS: Windows 7 , 64 bit Build 7601 (6.1.7601.23569)

CPU:total 2 (2 cores per cpu, 1 threads per core) family 6 model 42 stepping 7, cmov, cx8, fxsr, mmx, sse, sse2, sse3, ssse3, sse4.1, sse4.2, popcnt, clmul, tsc, tscinvbit

Memory: 4k page, physical 4169860k(78988k free), swap 5172092k(5904k free)

vm_info: Java HotSpot(TM) 64-Bit Server VM (25.91-b15) for windows-amd64 JRE (1.8.0_91-b15), built on May 20 2016 17:43:15 by "java_re" with MS VC++ 10.0 (VS2010)

time: Thu Dec 15 19:35:20 2016
elapsed time: 17 seconds (0d 0h 0m 17s)

